INFO [2025-01-08 10:12:59] $x
INFO [2025-01-08 10:12:59] gene_lists
INFO [2025-01-08 10:12:59] 
INFO [2025-01-08 10:12:59] $category.names
INFO [2025-01-08 10:12:59] names(gene_lists)
INFO [2025-01-08 10:12:59] 
INFO [2025-01-08 10:12:59] $filename
INFO [2025-01-08 10:12:59] NULL
INFO [2025-01-08 10:12:59] 
INFO [2025-01-08 10:12:59] $output
INFO [2025-01-08 10:12:59] [1] TRUE
INFO [2025-01-08 10:12:59] 
INFO [2025-01-08 10:12:59] $imagetype
INFO [2025-01-08 10:12:59] [1] "png"
INFO [2025-01-08 10:12:59] 
INFO [2025-01-08 10:12:59] $height
INFO [2025-01-08 10:12:59] [1] 3000
INFO [2025-01-08 10:12:59] 
INFO [2025-01-08 10:12:59] $width
INFO [2025-01-08 10:12:59] [1] 3000
INFO [2025-01-08 10:12:59] 
INFO [2025-01-08 10:12:59] $resolution
INFO [2025-01-08 10:12:59] [1] 300
INFO [2025-01-08 10:12:59] 
INFO [2025-01-08 10:12:59] $compression
INFO [2025-01-08 10:12:59] [1] "lzw"
INFO [2025-01-08 10:12:59] 
INFO [2025-01-08 10:12:59] $lwd
INFO [2025-01-08 10:12:59] [1] 2
INFO [2025-01-08 10:12:59] 
INFO [2025-01-08 10:12:59] $col
INFO [2025-01-08 10:12:59] [1] "black"
INFO [2025-01-08 10:12:59] 
INFO [2025-01-08 10:12:59] $fill
INFO [2025-01-08 10:12:59] c("dodgerblue", "goldenrod1", "darkorange1", "seagreen3", "orchid3", 
INFO [2025-01-08 10:12:59]     "firebrick1")
INFO [2025-01-08 10:12:59] 
INFO [2025-01-08 10:12:59] $alpha
INFO [2025-01-08 10:12:59] [1] 0.5
INFO [2025-01-08 10:12:59] 
INFO [2025-01-08 10:12:59] $cex
INFO [2025-01-08 10:12:59] [1] 1.5
INFO [2025-01-08 10:12:59] 
INFO [2025-01-08 10:12:59] $fontface
INFO [2025-01-08 10:12:59] [1] "bold"
INFO [2025-01-08 10:12:59] 
INFO [2025-01-08 10:12:59] $fontfamily
INFO [2025-01-08 10:12:59] [1] "sans"
INFO [2025-01-08 10:12:59] 
INFO [2025-01-08 10:12:59] $cat.cex
INFO [2025-01-08 10:12:59] [1] 1.5
INFO [2025-01-08 10:12:59] 
INFO [2025-01-08 10:12:59] $cat.fontface
INFO [2025-01-08 10:12:59] [1] "bold"
INFO [2025-01-08 10:12:59] 
INFO [2025-01-08 10:12:59] $cat.default.pos
INFO [2025-01-08 10:12:59] [1] "outer"
INFO [2025-01-08 10:12:59] 
INFO [2025-01-08 10:12:59] $cat.pos
INFO [2025-01-08 10:12:59] c(-27, 27, 135, -135, 0, 0)
INFO [2025-01-08 10:12:59] 
INFO [2025-01-08 10:12:59] $cat.dist
INFO [2025-01-08 10:12:59] c(0.055, 0.055, 0.085, 0.085, 0.055, 0.055)
INFO [2025-01-08 10:12:59] 
INFO [2025-01-08 10:12:59] $cat.fontfamily
INFO [2025-01-08 10:12:59] [1] "sans"
INFO [2025-01-08 10:12:59] 
INFO [2025-01-08 10:12:59] $rotation
INFO [2025-01-08 10:12:59] [1] 1
INFO [2025-01-08 10:12:59] 
ERROR [2025-01-08 10:12:59] Incorrect number of elements.
