INFO [2025-01-08 10:14:48] $x
INFO [2025-01-08 10:14:48] gene_lists
INFO [2025-01-08 10:14:48] 
INFO [2025-01-08 10:14:48] $category.names
INFO [2025-01-08 10:14:48] names(gene_lists)
INFO [2025-01-08 10:14:48] 
INFO [2025-01-08 10:14:48] $filename
INFO [2025-01-08 10:14:48] NULL
INFO [2025-01-08 10:14:48] 
INFO [2025-01-08 10:14:48] $output
INFO [2025-01-08 10:14:48] [1] TRUE
INFO [2025-01-08 10:14:48] 
INFO [2025-01-08 10:14:48] $imagetype
INFO [2025-01-08 10:14:48] [1] "png"
INFO [2025-01-08 10:14:48] 
INFO [2025-01-08 10:14:48] $height
INFO [2025-01-08 10:14:48] [1] 3000
INFO [2025-01-08 10:14:48] 
INFO [2025-01-08 10:14:48] $width
INFO [2025-01-08 10:14:48] [1] 3000
INFO [2025-01-08 10:14:48] 
INFO [2025-01-08 10:14:48] $resolution
INFO [2025-01-08 10:14:48] [1] 300
INFO [2025-01-08 10:14:48] 
INFO [2025-01-08 10:14:48] $compression
INFO [2025-01-08 10:14:48] [1] "lzw"
INFO [2025-01-08 10:14:48] 
INFO [2025-01-08 10:14:48] $lwd
INFO [2025-01-08 10:14:48] [1] 2
INFO [2025-01-08 10:14:48] 
INFO [2025-01-08 10:14:48] $col
INFO [2025-01-08 10:14:48] [1] "black"
INFO [2025-01-08 10:14:48] 
INFO [2025-01-08 10:14:48] $fill
INFO [2025-01-08 10:14:48] c("dodgerblue", "goldenrod1", "darkorange1", "seagreen3", "orchid3", 
INFO [2025-01-08 10:14:48]     "firebrick1", "skyblue", "yellow", "purple", "pink", "brown", 
INFO [2025-01-08 10:14:48]     "gray", "cyan", "magenta", "limegreen", "navy", "maroon", 
INFO [2025-01-08 10:14:48]     "forestgreen", "darkblue", "coral", "gold")
INFO [2025-01-08 10:14:48] 
INFO [2025-01-08 10:14:48] $alpha
INFO [2025-01-08 10:14:48] [1] 0.5
INFO [2025-01-08 10:14:48] 
INFO [2025-01-08 10:14:48] $cex
INFO [2025-01-08 10:14:48] [1] 1.5
INFO [2025-01-08 10:14:48] 
INFO [2025-01-08 10:14:48] $fontface
INFO [2025-01-08 10:14:48] [1] "bold"
INFO [2025-01-08 10:14:48] 
INFO [2025-01-08 10:14:48] $fontfamily
INFO [2025-01-08 10:14:48] [1] "sans"
INFO [2025-01-08 10:14:48] 
INFO [2025-01-08 10:14:48] $cat.cex
INFO [2025-01-08 10:14:48] [1] 1.5
INFO [2025-01-08 10:14:48] 
INFO [2025-01-08 10:14:48] $cat.fontface
INFO [2025-01-08 10:14:48] [1] "bold"
INFO [2025-01-08 10:14:48] 
INFO [2025-01-08 10:14:48] $cat.default.pos
INFO [2025-01-08 10:14:48] [1] "outer"
INFO [2025-01-08 10:14:48] 
INFO [2025-01-08 10:14:48] $cat.pos
INFO [2025-01-08 10:14:48] rep(0, num_signatures)
INFO [2025-01-08 10:14:48] 
INFO [2025-01-08 10:14:48] $cat.dist
INFO [2025-01-08 10:14:48] rep(0.05, num_signatures)
INFO [2025-01-08 10:14:48] 
INFO [2025-01-08 10:14:48] $cat.fontfamily
INFO [2025-01-08 10:14:48] [1] "sans"
INFO [2025-01-08 10:14:48] 
INFO [2025-01-08 10:14:48] $rotation
INFO [2025-01-08 10:14:48] [1] 1
INFO [2025-01-08 10:14:48] 
ERROR [2025-01-08 10:14:48] Incorrect number of elements.
