INFO [2025-01-08 10:14:13] $x
INFO [2025-01-08 10:14:13] gene_lists
INFO [2025-01-08 10:14:13] 
INFO [2025-01-08 10:14:13] $category.names
INFO [2025-01-08 10:14:13] names(gene_lists)
INFO [2025-01-08 10:14:13] 
INFO [2025-01-08 10:14:13] $filename
INFO [2025-01-08 10:14:13] NULL
INFO [2025-01-08 10:14:13] 
INFO [2025-01-08 10:14:13] $output
INFO [2025-01-08 10:14:13] [1] TRUE
INFO [2025-01-08 10:14:13] 
INFO [2025-01-08 10:14:13] $imagetype
INFO [2025-01-08 10:14:13] [1] "png"
INFO [2025-01-08 10:14:13] 
INFO [2025-01-08 10:14:13] $height
INFO [2025-01-08 10:14:13] [1] 3000
INFO [2025-01-08 10:14:13] 
INFO [2025-01-08 10:14:13] $width
INFO [2025-01-08 10:14:13] [1] 3000
INFO [2025-01-08 10:14:13] 
INFO [2025-01-08 10:14:13] $resolution
INFO [2025-01-08 10:14:13] [1] 300
INFO [2025-01-08 10:14:13] 
INFO [2025-01-08 10:14:13] $compression
INFO [2025-01-08 10:14:13] [1] "lzw"
INFO [2025-01-08 10:14:13] 
INFO [2025-01-08 10:14:13] $lwd
INFO [2025-01-08 10:14:13] [1] 2
INFO [2025-01-08 10:14:13] 
INFO [2025-01-08 10:14:13] $col
INFO [2025-01-08 10:14:13] [1] "black"
INFO [2025-01-08 10:14:13] 
INFO [2025-01-08 10:14:13] $fill
INFO [2025-01-08 10:14:13] c("dodgerblue", "goldenrod1", "darkorange1", "seagreen3", "orchid3", 
INFO [2025-01-08 10:14:13]     "firebrick1", "skyblue", "yellow", "purple", "pink", "brown", 
INFO [2025-01-08 10:14:13]     "gray", "cyan", "magenta", "limegreen", "navy", "maroon", 
INFO [2025-01-08 10:14:13]     "olive", "teal", "coral", "gold")
INFO [2025-01-08 10:14:13] 
INFO [2025-01-08 10:14:13] $alpha
INFO [2025-01-08 10:14:13] [1] 0.5
INFO [2025-01-08 10:14:13] 
INFO [2025-01-08 10:14:13] $cex
INFO [2025-01-08 10:14:13] [1] 1.5
INFO [2025-01-08 10:14:13] 
INFO [2025-01-08 10:14:13] $fontface
INFO [2025-01-08 10:14:13] [1] "bold"
INFO [2025-01-08 10:14:13] 
INFO [2025-01-08 10:14:13] $fontfamily
INFO [2025-01-08 10:14:13] [1] "sans"
INFO [2025-01-08 10:14:13] 
INFO [2025-01-08 10:14:13] $cat.cex
INFO [2025-01-08 10:14:13] [1] 1.5
INFO [2025-01-08 10:14:13] 
INFO [2025-01-08 10:14:13] $cat.fontface
INFO [2025-01-08 10:14:13] [1] "bold"
INFO [2025-01-08 10:14:13] 
INFO [2025-01-08 10:14:13] $cat.default.pos
INFO [2025-01-08 10:14:13] [1] "outer"
INFO [2025-01-08 10:14:13] 
INFO [2025-01-08 10:14:13] $cat.pos
INFO [2025-01-08 10:14:13] rep(0, num_signatures)
INFO [2025-01-08 10:14:13] 
INFO [2025-01-08 10:14:13] $cat.dist
INFO [2025-01-08 10:14:13] rep(0.05, num_signatures)
INFO [2025-01-08 10:14:13] 
INFO [2025-01-08 10:14:13] $cat.fontfamily
INFO [2025-01-08 10:14:13] [1] "sans"
INFO [2025-01-08 10:14:13] 
INFO [2025-01-08 10:14:13] $rotation
INFO [2025-01-08 10:14:13] [1] 1
INFO [2025-01-08 10:14:13] 
ERROR [2025-01-08 10:14:13] Incorrect number of elements.
